Using pre-set license
Built from '2020.2/staging' branch; Version is '2020.2.6f1 (8a2143876886) revision 9052483'; Using compiler version '192528614'; Build Type 'Release'
OS: 'Windows 10 Pro; OS build 19042.804; Version 2009; 64bit' Language: 'ru' Physical Memory: 4087 MB
BatchMode: 1, IsHumanControllingUs: 0, StartBugReporterOnCrash: 0, Is64bit: 1, IsPro: 0

 COMMAND LINE ARGUMENTS:
C:\Program Files\2020.2.6f1\Editor\Unity.exe
-adb2
-batchMode
-noUpm
-name
AssetImportWorker0
-projectPath
D:/Documents/GitHub/udf/udf
-logFile
Logs/AssetImportWorker0.log
-srvPort
64442
Successfully changed project path to: D:/Documents/GitHub/udf/udf
D:/Documents/GitHub/udf/udf
Using Asset Import Pipeline V2.
Refreshing native plugins compatible for Editor in 79.17 ms, found 0 plugins.
Preloading 0 native plugins for Editor in 0.00 ms.
Initialize engine version: 2020.2.6f1 (8a2143876886)
[Subsystems] Discovering subsystems at path C:/Program Files/2020.2.6f1/Editor/Data/Resources/UnitySubsystems
[Subsystems] Discovering subsystems at path D:/Documents/GitHub/udf/udf/Assets
GfxDevice: creating device client; threaded=0
Direct3D:
    Version:  Direct3D 11.0 [level 10.1]
    Renderer: NVIDIA GeForce GT 240 (ID=0xca3)
    Vendor:   
    VRAM:     972 MB
    Driver:   21.21.13.4201
Initialize mono
Mono path[0] = 'C:/Program Files/2020.2.6f1/Editor/Data/Managed'
Mono path[1] = 'C:/Program Files/2020.2.6f1/Editor/Data/MonoBleedingEdge/lib/mono/unityjit'
Mono config path = 'C:/Program Files/2020.2.6f1/Editor/Data/MonoBleedingEdge/etc'
Using monoOptions --debugger-agent=transport=dt_socket,embedding=1,server=y,suspend=n,address=127.0.0.1:56072
Begin MonoManager ReloadAssembly
Registering precompiled unity dll's ...
Register platform support module: C:/Program Files/2020.2.6f1/Editor/Data/PlaybackEngines/WindowsStandaloneSupport/UnityEditor.WindowsStandalone.Extensions.dll
Registered in 0.008924 seconds.
Native extension for WindowsStandalone target not found
Refreshing native plugins compatible for Editor in 59.16 ms, found 0 plugins.
Preloading 0 native plugins for Editor in 0.00 ms.
Invoked RoslynAnalysisRunner static constructor.
RoslynAnalysisRunner will not be running.
RoslynAnalysisRunner has terminated.
Mono: successfully reloaded assembly
- Completed reload, in  4.079 seconds
Platform modules already initialized, skipping
Registering precompiled user dll's ...
Registered in 0.016358 seconds.
Begin MonoManager ReloadAssembly
Native extension for WindowsStandalone target not found
Refreshing native plugins compatible for Editor in 0.59 ms, found 0 plugins.
Preloading 0 native plugins for Editor in 0.00 ms.
Invoked RoslynAnalysisRunner static constructor.
RoslynAnalysisRunner will not be running.
RoslynAnalysisRunner has terminated.
Mono: successfully reloaded assembly
- Completed reload, in  2.564 seconds
Platform modules already initialized, skipping
========================================================================
Worker process is ready to serve import requests
Launched and connected shader compiler UnityShaderCompiler.exe after 0.17 seconds
Refreshing native plugins compatible for Editor in 0.58 ms, found 0 plugins.
Preloading 0 native plugins for Editor in 0.00 ms.
Unloading 1489 Unused Serialized files (Serialized files now loaded: 0)
System memory in use before: 77.2 MB.
System memory in use after: 76.1 MB.

Unloading 27 unused Assets to reduce memory usage. Loaded Objects now: 1922.
Total: 6.061000 ms (FindLiveObjects: 0.332300 ms CreateObjectMapping: 0.091100 ms MarkObjects: 3.386500 ms  DeleteObjects: 2.247700 ms)

========================================================================
Received Import Request.
  path: Assets/Scripts/Gandalf.cs
  artifactKey: Guid(f63f9a25039c6a74e9dae17fcb152a7f) Importer(815301076,1909f56bfc062723c751e8b465ee728b)
Start importing Assets/Scripts/Gandalf.cs using Guid(f63f9a25039c6a74e9dae17fcb152a7f) Importer(815301076,1909f56bfc062723c751e8b465ee728b)  -> (artifact id: '6ba7e1a753fc31bfce569b7e2829ebd7') in 0.091760 seconds
  Import took 0.153103 seconds .

========================================================================
Received Import Request.
  Time since last request: 19.397996 seconds.
  path: Assets/Scripts/Gandalf2.cs
  artifactKey: Guid(e5a83415d6a12d749ac10ed7fdef08f9) Importer(815301076,1909f56bfc062723c751e8b465ee728b)
Start importing Assets/Scripts/Gandalf2.cs using Guid(e5a83415d6a12d749ac10ed7fdef08f9) Importer(815301076,1909f56bfc062723c751e8b465ee728b)  -> (artifact id: '63a580119784eb6ddbbd2736a5fd4b60') in 0.034472 seconds
  Import took 0.059444 seconds .

========================================================================
Received Import Request.
  Time since last request: 0.002783 seconds.
  path: Assets/Scripts/Gandalf2.cs
  artifactKey: Guid(e5a83415d6a12d749ac10ed7fdef08f9) Importer(815301076,1909f56bfc062723c751e8b465ee728b)
Start importing Assets/Scripts/Gandalf2.cs using Guid(e5a83415d6a12d749ac10ed7fdef08f9) Importer(815301076,1909f56bfc062723c751e8b465ee728b)  -> (artifact id: '63a580119784eb6ddbbd2736a5fd4b60') in 0.014006 seconds
  Import took 0.035854 seconds .

========================================================================
Received Prepare
Registering precompiled user dll's ...
Registered in 0.001298 seconds.
Begin MonoManager ReloadAssembly
Native extension for WindowsStandalone target not found
Refreshing native plugins compatible for Editor in 0.91 ms, found 0 plugins.
Preloading 0 native plugins for Editor in 0.00 ms.
Invoked RoslynAnalysisRunner static constructor.
RoslynAnalysisRunner will not be running.
RoslynAnalysisRunner has terminated.
Mono: successfully reloaded assembly
- Completed reload, in  3.768 seconds
Platform modules already initialized, skipping
Refreshing native plugins compatible for Editor in 1.09 ms, found 0 plugins.
Preloading 0 native plugins for Editor in 0.00 ms.
Unloading 1450 Unused Serialized files (Serialized files now loaded: 0)
System memory in use before: 74.4 MB.
System memory in use after: 73.3 MB.

Unloading 19 unused Assets to reduce memory usage. Loaded Objects now: 1925.
Total: 6.757500 ms (FindLiveObjects: 0.414800 ms CreateObjectMapping: 0.106200 ms MarkObjects: 3.898300 ms  DeleteObjects: 2.332400 ms)

========================================================================
Received Prepare
Registering precompiled user dll's ...
Registered in 0.002844 seconds.
Begin MonoManager ReloadAssembly
Native extension for WindowsStandalone target not found
Refreshing native plugins compatible for Editor in 0.81 ms, found 0 plugins.
Preloading 0 native plugins for Editor in 0.00 ms.
Invoked RoslynAnalysisRunner static constructor.
RoslynAnalysisRunner will not be running.
RoslynAnalysisRunner has terminated.
Mono: successfully reloaded assembly
- Completed reload, in  3.796 seconds
Platform modules already initialized, skipping
Refreshing native plugins compatible for Editor in 0.59 ms, found 0 plugins.
Preloading 0 native plugins for Editor in 0.00 ms.
Unloading 1450 Unused Serialized files (Serialized files now loaded: 0)
System memory in use before: 74.6 MB.
System memory in use after: 73.4 MB.

Unloading 19 unused Assets to reduce memory usage. Loaded Objects now: 1927.
Total: 13.614900 ms (FindLiveObjects: 0.779700 ms CreateObjectMapping: 0.089200 ms MarkObjects: 10.512300 ms  DeleteObjects: 2.226700 ms)

========================================================================
Received Import Request.
  Time since last request: 1365.738629 seconds.
  path: Assets/Scripts/Gandalf2.cs
  artifactKey: Guid(e5a83415d6a12d749ac10ed7fdef08f9) Importer(815301076,1909f56bfc062723c751e8b465ee728b)
Start importing Assets/Scripts/Gandalf2.cs using Guid(e5a83415d6a12d749ac10ed7fdef08f9) Importer(815301076,1909f56bfc062723c751e8b465ee728b)  -> (artifact id: '522f9d7211d75bf90db043bb0e898e0f') in 0.038636 seconds
  Import took 0.109025 seconds .

========================================================================
Received Prepare
Registering precompiled user dll's ...
Registered in 0.001653 seconds.
Begin MonoManager ReloadAssembly
Native extension for WindowsStandalone target not found
Refreshing native plugins compatible for Editor in 1.09 ms, found 0 plugins.
Preloading 0 native plugins for Editor in 0.00 ms.
Invoked RoslynAnalysisRunner static constructor.
RoslynAnalysisRunner will not be running.
RoslynAnalysisRunner has terminated.
Mono: successfully reloaded assembly
- Completed reload, in  2.070 seconds
Platform modules already initialized, skipping
Refreshing native plugins compatible for Editor in 0.74 ms, found 0 plugins.
Preloading 0 native plugins for Editor in 0.00 ms.
Unloading 1450 Unused Serialized files (Serialized files now loaded: 0)
System memory in use before: 74.5 MB.
System memory in use after: 73.4 MB.

Unloading 19 unused Assets to reduce memory usage. Loaded Objects now: 1929.
Total: 8.017800 ms (FindLiveObjects: 0.469600 ms CreateObjectMapping: 0.283300 ms MarkObjects: 3.776000 ms  DeleteObjects: 3.485900 ms)

========================================================================
Received Prepare
Registering precompiled user dll's ...
Registered in 0.014639 seconds.
Begin MonoManager ReloadAssembly
Native extension for WindowsStandalone target not found
Refreshing native plugins compatible for Editor in 0.69 ms, found 0 plugins.
Preloading 0 native plugins for Editor in 0.00 ms.
Invoked RoslynAnalysisRunner static constructor.
RoslynAnalysisRunner will not be running.
RoslynAnalysisRunner has terminated.
Mono: successfully reloaded assembly
- Completed reload, in  1.969 seconds
Platform modules already initialized, skipping
Refreshing native plugins compatible for Editor in 0.76 ms, found 0 plugins.
Preloading 0 native plugins for Editor in 0.00 ms.
Unloading 1450 Unused Serialized files (Serialized files now loaded: 0)
System memory in use before: 74.6 MB.
System memory in use after: 73.4 MB.

Unloading 19 unused Assets to reduce memory usage. Loaded Objects now: 1931.
Total: 8.150800 ms (FindLiveObjects: 0.642500 ms CreateObjectMapping: 0.311400 ms MarkObjects: 5.146700 ms  DeleteObjects: 2.047000 ms)

========================================================================
Received Prepare
Registering precompiled user dll's ...
Registered in 0.001428 seconds.
Begin MonoManager ReloadAssembly
Native extension for WindowsStandalone target not found
Refreshing native plugins compatible for Editor in 0.66 ms, found 0 plugins.
Preloading 0 native plugins for Editor in 0.00 ms.
Invoked RoslynAnalysisRunner static constructor.
RoslynAnalysisRunner will not be running.
RoslynAnalysisRunner has terminated.
Mono: successfully reloaded assembly
- Completed reload, in  2.734 seconds
Platform modules already initialized, skipping
Refreshing native plugins compatible for Editor in 0.68 ms, found 0 plugins.
Preloading 0 native plugins for Editor in 0.00 ms.
Unloading 1450 Unused Serialized files (Serialized files now loaded: 0)
System memory in use before: 74.6 MB.
System memory in use after: 73.4 MB.

Unloading 19 unused Assets to reduce memory usage. Loaded Objects now: 1933.
Total: 9.507300 ms (FindLiveObjects: 0.321900 ms CreateObjectMapping: 0.116900 ms MarkObjects: 5.862200 ms  DeleteObjects: 3.202700 ms)

========================================================================
Received Import Request.
  Time since last request: 524.182966 seconds.
  path: Assets/Animations/Gandalf/ReferenceAssets
  artifactKey: Guid(48302e9a0216e974a9d6a086cd0d69cf) Importer(815301076,1909f56bfc062723c751e8b465ee728b)
Start importing Assets/Animations/Gandalf/ReferenceAssets using Guid(48302e9a0216e974a9d6a086cd0d69cf) Importer(815301076,1909f56bfc062723c751e8b465ee728b)  -> (artifact id: '2af9279f9f839dcce94e870c7f33af71') in 0.056300 seconds
  Import took 0.063996 seconds .

========================================================================
Received Prepare
Registering precompiled user dll's ...
Registered in 0.003308 seconds.
Begin MonoManager ReloadAssembly
Native extension for WindowsStandalone target not found
Refreshing native plugins compatible for Editor in 0.66 ms, found 0 plugins.
Preloading 0 native plugins for Editor in 0.00 ms.
Invoked RoslynAnalysisRunner static constructor.
RoslynAnalysisRunner will not be running.
RoslynAnalysisRunner has terminated.
Mono: successfully reloaded assembly
- Completed reload, in  3.166 seconds
Platform modules already initialized, skipping
Refreshing native plugins compatible for Editor in 0.61 ms, found 0 plugins.
Preloading 0 native plugins for Editor in 0.00 ms.
Unloading 1450 Unused Serialized files (Serialized files now loaded: 0)
System memory in use before: 74.6 MB.
System memory in use after: 73.4 MB.

Unloading 19 unused Assets to reduce memory usage. Loaded Objects now: 1935.
Total: 15.099100 ms (FindLiveObjects: 0.921800 ms CreateObjectMapping: 0.103800 ms MarkObjects: 10.430000 ms  DeleteObjects: 3.637300 ms)

========================================================================
Received Prepare
Registering precompiled user dll's ...
Registered in 0.001474 seconds.
Begin MonoManager ReloadAssembly
Native extension for WindowsStandalone target not found
Refreshing native plugins compatible for Editor in 0.62 ms, found 0 plugins.
Preloading 0 native plugins for Editor in 0.00 ms.
Invoked RoslynAnalysisRunner static constructor.
RoslynAnalysisRunner will not be running.
RoslynAnalysisRunner has terminated.
Mono: successfully reloaded assembly
- Completed reload, in  1.633 seconds
Platform modules already initialized, skipping
Refreshing native plugins compatible for Editor in 0.60 ms, found 0 plugins.
Preloading 0 native plugins for Editor in 0.00 ms.
Unloading 1450 Unused Serialized files (Serialized files now loaded: 0)
System memory in use before: 74.6 MB.
System memory in use after: 73.4 MB.

Unloading 19 unused Assets to reduce memory usage. Loaded Objects now: 1937.
Total: 4.755700 ms (FindLiveObjects: 0.292500 ms CreateObjectMapping: 0.081400 ms MarkObjects: 2.582800 ms  DeleteObjects: 1.796000 ms)

========================================================================
Received Prepare
Registering precompiled user dll's ...
Registered in 0.001339 seconds.
Begin MonoManager ReloadAssembly
Native extension for WindowsStandalone target not found
Refreshing native plugins compatible for Editor in 0.58 ms, found 0 plugins.
Preloading 0 native plugins for Editor in 0.00 ms.
Invoked RoslynAnalysisRunner static constructor.
RoslynAnalysisRunner will not be running.
RoslynAnalysisRunner has terminated.
Mono: successfully reloaded assembly
- Completed reload, in  1.285 seconds
Platform modules already initialized, skipping
Refreshing native plugins compatible for Editor in 0.64 ms, found 0 plugins.
Preloading 0 native plugins for Editor in 0.00 ms.
Unloading 1450 Unused Serialized files (Serialized files now loaded: 0)
System memory in use before: 74.6 MB.
System memory in use after: 73.4 MB.

Unloading 19 unused Assets to reduce memory usage. Loaded Objects now: 1939.
Total: 5.223500 ms (FindLiveObjects: 0.332700 ms CreateObjectMapping: 0.097000 ms MarkObjects: 2.944200 ms  DeleteObjects: 1.846800 ms)

========================================================================
Received Import Request.
  Time since last request: 1259.669521 seconds.
  path: Assets/Projectile.png
  artifactKey: Guid(bbb8148bd5af6474ba16e6811c013085) Importer(815301076,1909f56bfc062723c751e8b465ee728b)
Start importing Assets/Projectile.png using Guid(bbb8148bd5af6474ba16e6811c013085) Importer(815301076,1909f56bfc062723c751e8b465ee728b)  -> (artifact id: 'b8df470a17eef2999860ad57cf0eaafe') in 0.342736 seconds
  Import took 0.392631 seconds .

========================================================================
Received Import Request.
  Time since last request: 53.876655 seconds.
  path: Assets/Prefabs/Projectile.prefab
  artifactKey: Guid(328d60d3a76d473408ba60705aa89816) Importer(815301076,1909f56bfc062723c751e8b465ee728b)
Start importing Assets/Prefabs/Projectile.prefab using Guid(328d60d3a76d473408ba60705aa89816) Importer(815301076,1909f56bfc062723c751e8b465ee728b)  -> (artifact id: 'c29fbf95eb2aa7b710f13eecc7eff2de') in 0.155187 seconds
  Import took 0.182120 seconds .

========================================================================
Received Import Request.
  Time since last request: 18.496515 seconds.
  path: Assets/Prefabs/ProjectileExplosion.prefab
  artifactKey: Guid(9c1651b5de2818644afadda830c3b3bf) Importer(815301076,1909f56bfc062723c751e8b465ee728b)
Start importing Assets/Prefabs/ProjectileExplosion.prefab using Guid(9c1651b5de2818644afadda830c3b3bf) Importer(815301076,1909f56bfc062723c751e8b465ee728b)  -> (artifact id: 'b2d6c9d3f187956ae6b57f22d90e05d3') in 0.018629 seconds
  Import took 0.024609 seconds .

========================================================================
Received Import Request.
  Time since last request: 0.016189 seconds.
  path: Assets/Prefabs/ProjectileExplosion.prefab
  artifactKey: Guid(9c1651b5de2818644afadda830c3b3bf) Importer(815301076,1909f56bfc062723c751e8b465ee728b)
Start importing Assets/Prefabs/ProjectileExplosion.prefab using Guid(9c1651b5de2818644afadda830c3b3bf) Importer(815301076,1909f56bfc062723c751e8b465ee728b)  -> (artifact id: 'b2d6c9d3f187956ae6b57f22d90e05d3') in 0.024112 seconds
  Import took 0.031200 seconds .

========================================================================
Received Prepare
Registering precompiled user dll's ...
Registered in 0.013677 seconds.
Begin MonoManager ReloadAssembly
Native extension for WindowsStandalone target not found
Refreshing native plugins compatible for Editor in 0.58 ms, found 0 plugins.
Preloading 0 native plugins for Editor in 0.00 ms.
Invoked RoslynAnalysisRunner static constructor.
RoslynAnalysisRunner will not be running.
RoslynAnalysisRunner has terminated.
Mono: successfully reloaded assembly
- Completed reload, in  2.643 seconds
Platform modules already initialized, skipping
Refreshing native plugins compatible for Editor in 0.88 ms, found 0 plugins.
Preloading 0 native plugins for Editor in 0.00 ms.
Unloading 1450 Unused Serialized files (Serialized files now loaded: 0)
System memory in use before: 77.7 MB.
System memory in use after: 76.6 MB.

Unloading 19 unused Assets to reduce memory usage. Loaded Objects now: 1951.
Total: 4.228500 ms (FindLiveObjects: 0.286500 ms CreateObjectMapping: 0.082000 ms MarkObjects: 2.266800 ms  DeleteObjects: 1.590900 ms)

========================================================================
Received Prepare
Registering precompiled user dll's ...
Registered in 0.001351 seconds.
Begin MonoManager ReloadAssembly
Native extension for WindowsStandalone target not found
Refreshing native plugins compatible for Editor in 1.01 ms, found 0 plugins.
Preloading 0 native plugins for Editor in 0.00 ms.
Invoked RoslynAnalysisRunner static constructor.
RoslynAnalysisRunner will not be running.
RoslynAnalysisRunner has terminated.
Mono: successfully reloaded assembly
- Completed reload, in  4.258 seconds
Platform modules already initialized, skipping
Refreshing native plugins compatible for Editor in 0.60 ms, found 0 plugins.
Preloading 0 native plugins for Editor in 0.00 ms.
Unloading 1450 Unused Serialized files (Serialized files now loaded: 0)
System memory in use before: 77.8 MB.
System memory in use after: 76.6 MB.

Unloading 19 unused Assets to reduce memory usage. Loaded Objects now: 1953.
Total: 5.990100 ms (FindLiveObjects: 0.547900 ms CreateObjectMapping: 0.102600 ms MarkObjects: 3.448800 ms  DeleteObjects: 1.887900 ms)

========================================================================
Received Prepare
Registering precompiled user dll's ...
Registered in 0.001597 seconds.
Begin MonoManager ReloadAssembly
Native extension for WindowsStandalone target not found
Refreshing native plugins compatible for Editor in 0.67 ms, found 0 plugins.
Preloading 0 native plugins for Editor in 0.00 ms.
Invoked RoslynAnalysisRunner static constructor.
RoslynAnalysisRunner will not be running.
RoslynAnalysisRunner has terminated.
Mono: successfully reloaded assembly
- Completed reload, in  2.164 seconds
Platform modules already initialized, skipping
Refreshing native plugins compatible for Editor in 0.81 ms, found 0 plugins.
Preloading 0 native plugins for Editor in 0.00 ms.
Unloading 1450 Unused Serialized files (Serialized files now loaded: 0)
System memory in use before: 77.7 MB.
System memory in use after: 76.6 MB.

Unloading 19 unused Assets to reduce memory usage. Loaded Objects now: 1955.
Total: 6.763800 ms (FindLiveObjects: 0.418300 ms CreateObjectMapping: 0.120700 ms MarkObjects: 3.552500 ms  DeleteObjects: 2.669000 ms)

========================================================================
Received Prepare
Registering precompiled user dll's ...
Registered in 0.014781 seconds.
Begin MonoManager ReloadAssembly
Native extension for WindowsStandalone target not found
Refreshing native plugins compatible for Editor in 0.60 ms, found 0 plugins.
Preloading 0 native plugins for Editor in 0.00 ms.
Invoked RoslynAnalysisRunner static constructor.
RoslynAnalysisRunner will not be running.
RoslynAnalysisRunner has terminated.
Mono: successfully reloaded assembly
- Completed reload, in  2.340 seconds
Platform modules already initialized, skipping
Refreshing native plugins compatible for Editor in 0.60 ms, found 0 plugins.
Preloading 0 native plugins for Editor in 0.00 ms.
Unloading 1450 Unused Serialized files (Serialized files now loaded: 0)
System memory in use before: 77.8 MB.
System memory in use after: 76.6 MB.

Unloading 19 unused Assets to reduce memory usage. Loaded Objects now: 1957.
Total: 4.416600 ms (FindLiveObjects: 0.332300 ms CreateObjectMapping: 0.082100 ms MarkObjects: 2.233300 ms  DeleteObjects: 1.766100 ms)

========================================================================
Received Prepare
Registering precompiled user dll's ...
Registered in 0.001894 seconds.
Begin MonoManager ReloadAssembly
Native extension for WindowsStandalone target not found
Refreshing native plugins compatible for Editor in 0.58 ms, found 0 plugins.
Preloading 0 native plugins for Editor in 0.00 ms.
Invoked RoslynAnalysisRunner static constructor.
RoslynAnalysisRunner will not be running.
RoslynAnalysisRunner has terminated.
Mono: successfully reloaded assembly
- Completed reload, in  1.504 seconds
Platform modules already initialized, skipping
Refreshing native plugins compatible for Editor in 0.63 ms, found 0 plugins.
Preloading 0 native plugins for Editor in 0.00 ms.
Unloading 1450 Unused Serialized files (Serialized files now loaded: 0)
System memory in use before: 77.7 MB.
System memory in use after: 76.6 MB.

Unloading 19 unused Assets to reduce memory usage. Loaded Objects now: 1959.
Total: 5.784800 ms (FindLiveObjects: 1.374600 ms CreateObjectMapping: 0.085400 ms MarkObjects: 2.504500 ms  DeleteObjects: 1.817000 ms)

========================================================================
Received Prepare
Registering precompiled user dll's ...
Registered in 0.001531 seconds.
Begin MonoManager ReloadAssembly
Native extension for WindowsStandalone target not found
Refreshing native plugins compatible for Editor in 0.61 ms, found 0 plugins.
Preloading 0 native plugins for Editor in 0.00 ms.
Invoked RoslynAnalysisRunner static constructor.
RoslynAnalysisRunner will not be running.
RoslynAnalysisRunner has terminated.
Mono: successfully reloaded assembly
- Completed reload, in  1.519 seconds
Platform modules already initialized, skipping
Refreshing native plugins compatible for Editor in 0.78 ms, found 0 plugins.
Preloading 0 native plugins for Editor in 0.00 ms.
Unloading 1450 Unused Serialized files (Serialized files now loaded: 0)
System memory in use before: 77.8 MB.
System memory in use after: 76.6 MB.

Unloading 19 unused Assets to reduce memory usage. Loaded Objects now: 1961.
Total: 6.070000 ms (FindLiveObjects: 0.760500 ms CreateObjectMapping: 0.103500 ms MarkObjects: 3.419100 ms  DeleteObjects: 1.783800 ms)

========================================================================
Received Prepare
Registering precompiled user dll's ...
Registered in 0.010551 seconds.
Begin MonoManager ReloadAssembly
Native extension for WindowsStandalone target not found
Refreshing native plugins compatible for Editor in 0.67 ms, found 0 plugins.
Preloading 0 native plugins for Editor in 0.00 ms.
Invoked RoslynAnalysisRunner static constructor.
RoslynAnalysisRunner will not be running.
RoslynAnalysisRunner has terminated.
Mono: successfully reloaded assembly
- Completed reload, in  2.584 seconds
Platform modules already initialized, skipping
Refreshing native plugins compatible for Editor in 0.70 ms, found 0 plugins.
Preloading 0 native plugins for Editor in 0.00 ms.
Unloading 1450 Unused Serialized files (Serialized files now loaded: 0)
System memory in use before: 77.8 MB.
System memory in use after: 76.6 MB.

Unloading 19 unused Assets to reduce memory usage. Loaded Objects now: 1963.
Total: 6.172200 ms (FindLiveObjects: 0.394300 ms CreateObjectMapping: 0.098400 ms MarkObjects: 3.294900 ms  DeleteObjects: 2.378600 ms)

========================================================================
Received Prepare
Registering precompiled user dll's ...
Registered in 0.001632 seconds.
Begin MonoManager ReloadAssembly
Native extension for WindowsStandalone target not found
Refreshing native plugins compatible for Editor in 0.80 ms, found 0 plugins.
Preloading 0 native plugins for Editor in 0.00 ms.
Invoked RoslynAnalysisRunner static constructor.
RoslynAnalysisRunner will not be running.
RoslynAnalysisRunner has terminated.
Mono: successfully reloaded assembly
- Completed reload, in  1.949 seconds
Platform modules already initialized, skipping
Refreshing native plugins compatible for Editor in 0.77 ms, found 0 plugins.
Preloading 0 native plugins for Editor in 0.00 ms.
Unloading 1450 Unused Serialized files (Serialized files now loaded: 0)
System memory in use before: 77.8 MB.
System memory in use after: 76.6 MB.

Unloading 19 unused Assets to reduce memory usage. Loaded Objects now: 1965.
Total: 6.736500 ms (FindLiveObjects: 0.519600 ms CreateObjectMapping: 0.118700 ms MarkObjects: 3.668400 ms  DeleteObjects: 2.426800 ms)

========================================================================
Received Prepare
Registering precompiled user dll's ...
Registered in 0.001323 seconds.
Begin MonoManager ReloadAssembly
Native extension for WindowsStandalone target not found
Refreshing native plugins compatible for Editor in 0.58 ms, found 0 plugins.
Preloading 0 native plugins for Editor in 0.00 ms.
Invoked RoslynAnalysisRunner static constructor.
RoslynAnalysisRunner will not be running.
RoslynAnalysisRunner has terminated.
Mono: successfully reloaded assembly
- Completed reload, in  1.328 seconds
Platform modules already initialized, skipping
Refreshing native plugins compatible for Editor in 0.61 ms, found 0 plugins.
Preloading 0 native plugins for Editor in 0.00 ms.
Unloading 1450 Unused Serialized files (Serialized files now loaded: 0)
System memory in use before: 77.8 MB.
System memory in use after: 76.6 MB.

Unloading 19 unused Assets to reduce memory usage. Loaded Objects now: 1967.
Total: 5.188500 ms (FindLiveObjects: 0.279400 ms CreateObjectMapping: 0.082300 ms MarkObjects: 3.055700 ms  DeleteObjects: 1.768600 ms)

========================================================================
Received Import Request.
  Time since last request: 1093.529623 seconds.
  path: Assets/Scripts/Gandalf2.cs
  artifactKey: Guid(e5a83415d6a12d749ac10ed7fdef08f9) Importer(815301076,1909f56bfc062723c751e8b465ee728b)
Start importing Assets/Scripts/Gandalf2.cs using Guid(e5a83415d6a12d749ac10ed7fdef08f9) Importer(815301076,1909f56bfc062723c751e8b465ee728b)  -> (artifact id: '6077fb82ab432c160c847ceddfa2b746') in 0.028673 seconds
  Import took 0.057917 seconds .

========================================================================
Received Prepare
Registering precompiled user dll's ...
Registered in 0.001296 seconds.
Begin MonoManager ReloadAssembly
Native extension for WindowsStandalone target not found
Refreshing native plugins compatible for Editor in 0.59 ms, found 0 plugins.
Preloading 0 native plugins for Editor in 0.00 ms.
Invoked RoslynAnalysisRunner static constructor.
RoslynAnalysisRunner will not be running.
RoslynAnalysisRunner has terminated.
Mono: successfully reloaded assembly
- Completed reload, in  2.087 seconds
Platform modules already initialized, skipping
Refreshing native plugins compatible for Editor in 0.90 ms, found 0 plugins.
Preloading 0 native plugins for Editor in 0.00 ms.
Unloading 1449 Unused Serialized files (Serialized files now loaded: 0)
System memory in use before: 77.8 MB.
System memory in use after: 76.6 MB.

Unloading 19 unused Assets to reduce memory usage. Loaded Objects now: 1969.
Total: 10.298100 ms (FindLiveObjects: 0.523400 ms CreateObjectMapping: 0.102300 ms MarkObjects: 5.712700 ms  DeleteObjects: 3.956100 ms)

========================================================================
Received Prepare
Registering precompiled user dll's ...
Registered in 0.005041 seconds.
Begin MonoManager ReloadAssembly
Native extension for WindowsStandalone target not found
Refreshing native plugins compatible for Editor in 1.67 ms, found 0 plugins.
Preloading 0 native plugins for Editor in 0.00 ms.
Invoked RoslynAnalysisRunner static constructor.
RoslynAnalysisRunner will not be running.
RoslynAnalysisRunner has terminated.
Mono: successfully reloaded assembly
- Completed reload, in  3.622 seconds
Platform modules already initialized, skipping
Refreshing native plugins compatible for Editor in 0.91 ms, found 0 plugins.
Preloading 0 native plugins for Editor in 0.00 ms.
Unloading 1449 Unused Serialized files (Serialized files now loaded: 0)
System memory in use before: 77.8 MB.
System memory in use after: 76.6 MB.

Unloading 19 unused Assets to reduce memory usage. Loaded Objects now: 1971.
Total: 12.599400 ms (FindLiveObjects: 0.750600 ms CreateObjectMapping: 0.087300 ms MarkObjects: 7.777700 ms  DeleteObjects: 3.977200 ms)

========================================================================
Received Prepare
Registering precompiled user dll's ...
Registered in 0.123528 seconds.
Begin MonoManager ReloadAssembly
Native extension for WindowsStandalone target not found
Refreshing native plugins compatible for Editor in 0.67 ms, found 0 plugins.
Preloading 0 native plugins for Editor in 0.00 ms.
Invoked RoslynAnalysisRunner static constructor.
RoslynAnalysisRunner will not be running.
RoslynAnalysisRunner has terminated.
Mono: successfully reloaded assembly
- Completed reload, in  2.593 seconds
Platform modules already initialized, skipping
Refreshing native plugins compatible for Editor in 0.76 ms, found 0 plugins.
Preloading 0 native plugins for Editor in 0.00 ms.
Unloading 1449 Unused Serialized files (Serialized files now loaded: 0)
System memory in use before: 77.7 MB.
System memory in use after: 76.6 MB.

Unloading 19 unused Assets to reduce memory usage. Loaded Objects now: 1973.
Total: 11.299300 ms (FindLiveObjects: 0.312500 ms CreateObjectMapping: 0.085400 ms MarkObjects: 6.996600 ms  DeleteObjects: 3.898600 ms)

========================================================================
Received Prepare
Registering precompiled user dll's ...
Registered in 0.001309 seconds.
Begin MonoManager ReloadAssembly
Native extension for WindowsStandalone target not found
Refreshing native plugins compatible for Editor in 1.11 ms, found 0 plugins.
Preloading 0 native plugins for Editor in 0.00 ms.
Invoked RoslynAnalysisRunner static constructor.
RoslynAnalysisRunner will not be running.
RoslynAnalysisRunner has terminated.
Mono: successfully reloaded assembly
- Completed reload, in  1.336 seconds
Platform modules already initialized, skipping
Refreshing native plugins compatible for Editor in 0.63 ms, found 0 plugins.
Preloading 0 native plugins for Editor in 0.00 ms.
Unloading 1449 Unused Serialized files (Serialized files now loaded: 0)
System memory in use before: 77.8 MB.
System memory in use after: 76.6 MB.

Unloading 19 unused Assets to reduce memory usage. Loaded Objects now: 1975.
Total: 4.885500 ms (FindLiveObjects: 0.457500 ms CreateObjectMapping: 0.100900 ms MarkObjects: 2.518700 ms  DeleteObjects: 1.805500 ms)

========================================================================
Received Prepare
Registering precompiled user dll's ...
Registered in 0.022834 seconds.
Begin MonoManager ReloadAssembly
Native extension for WindowsStandalone target not found
Refreshing native plugins compatible for Editor in 0.67 ms, found 0 plugins.
Preloading 0 native plugins for Editor in 0.00 ms.
Invoked RoslynAnalysisRunner static constructor.
RoslynAnalysisRunner will not be running.
RoslynAnalysisRunner has terminated.
Mono: successfully reloaded assembly
- Completed reload, in  3.225 seconds
Platform modules already initialized, skipping
Refreshing native plugins compatible for Editor in 0.82 ms, found 0 plugins.
Preloading 0 native plugins for Editor in 0.00 ms.
Unloading 1449 Unused Serialized files (Serialized files now loaded: 0)
System memory in use before: 77.8 MB.
System memory in use after: 76.6 MB.

Unloading 19 unused Assets to reduce memory usage. Loaded Objects now: 1977.
Total: 52.251100 ms (FindLiveObjects: 0.518800 ms CreateObjectMapping: 0.085500 ms MarkObjects: 39.789600 ms  DeleteObjects: 11.851100 ms)

========================================================================
Received Prepare
Registering precompiled user dll's ...
Registered in 0.001591 seconds.
Begin MonoManager ReloadAssembly
Native extension for WindowsStandalone target not found
Refreshing native plugins compatible for Editor in 0.79 ms, found 0 plugins.
Preloading 0 native plugins for Editor in 0.00 ms.
Invoked RoslynAnalysisRunner static constructor.
RoslynAnalysisRunner will not be running.
RoslynAnalysisRunner has terminated.
Mono: successfully reloaded assembly
- Completed reload, in  3.356 seconds
Platform modules already initialized, skipping
Refreshing native plugins compatible for Editor in 0.72 ms, found 0 plugins.
Preloading 0 native plugins for Editor in 0.00 ms.
Unloading 1449 Unused Serialized files (Serialized files now loaded: 0)
System memory in use before: 77.8 MB.
System memory in use after: 76.6 MB.

Unloading 19 unused Assets to reduce memory usage. Loaded Objects now: 1979.
Total: 13.306600 ms (FindLiveObjects: 1.031300 ms CreateObjectMapping: 0.138700 ms MarkObjects: 9.308200 ms  DeleteObjects: 2.824600 ms)

========================================================================
Received Prepare
Registering precompiled user dll's ...
Registered in 0.009435 seconds.
Begin MonoManager ReloadAssembly
Native extension for WindowsStandalone target not found
Refreshing native plugins compatible for Editor in 0.68 ms, found 0 plugins.
Preloading 0 native plugins for Editor in 0.00 ms.
Invoked RoslynAnalysisRunner static constructor.
RoslynAnalysisRunner will not be running.
RoslynAnalysisRunner has terminated.
Mono: successfully reloaded assembly
- Completed reload, in  2.195 seconds
Platform modules already initialized, skipping
Refreshing native plugins compatible for Editor in 0.89 ms, found 0 plugins.
Preloading 0 native plugins for Editor in 0.00 ms.
Unloading 1449 Unused Serialized files (Serialized files now loaded: 0)
System memory in use before: 77.8 MB.
System memory in use after: 76.6 MB.

Unloading 19 unused Assets to reduce memory usage. Loaded Objects now: 1981.
Total: 5.613500 ms (FindLiveObjects: 0.482300 ms CreateObjectMapping: 0.101900 ms MarkObjects: 2.951600 ms  DeleteObjects: 2.074200 ms)

========================================================================
Received Prepare
Registering precompiled user dll's ...
Registered in 0.001370 seconds.
Begin MonoManager ReloadAssembly
Native extension for WindowsStandalone target not found
Refreshing native plugins compatible for Editor in 0.57 ms, found 0 plugins.
Preloading 0 native plugins for Editor in 0.00 ms.
Invoked RoslynAnalysisRunner static constructor.
RoslynAnalysisRunner will not be running.
RoslynAnalysisRunner has terminated.
Mono: successfully reloaded assembly
- Completed reload, in  1.395 seconds
Platform modules already initialized, skipping
Refreshing native plugins compatible for Editor in 1.11 ms, found 0 plugins.
Preloading 0 native plugins for Editor in 0.00 ms.
Unloading 1449 Unused Serialized files (Serialized files now loaded: 0)
System memory in use before: 77.8 MB.
System memory in use after: 76.6 MB.

Unloading 19 unused Assets to reduce memory usage. Loaded Objects now: 1983.
Total: 5.508600 ms (FindLiveObjects: 0.444100 ms CreateObjectMapping: 0.103700 ms MarkObjects: 2.875300 ms  DeleteObjects: 2.082600 ms)

========================================================================
Received Prepare
Registering precompiled user dll's ...
Registered in 0.024821 seconds.
Begin MonoManager ReloadAssembly
Native extension for WindowsStandalone target not found
Refreshing native plugins compatible for Editor in 0.69 ms, found 0 plugins.
Preloading 0 native plugins for Editor in 0.00 ms.
Invoked RoslynAnalysisRunner static constructor.
RoslynAnalysisRunner will not be running.
RoslynAnalysisRunner has terminated.
Mono: successfully reloaded assembly
- Completed reload, in  2.856 seconds
Platform modules already initialized, skipping
Refreshing native plugins compatible for Editor in 0.61 ms, found 0 plugins.
Preloading 0 native plugins for Editor in 0.00 ms.
Unloading 1449 Unused Serialized files (Serialized files now loaded: 0)
System memory in use before: 77.9 MB.
System memory in use after: 76.6 MB.

Unloading 19 unused Assets to reduce memory usage. Loaded Objects now: 1985.
Total: 9.209300 ms (FindLiveObjects: 0.317000 ms CreateObjectMapping: 0.085700 ms MarkObjects: 6.742900 ms  DeleteObjects: 2.058800 ms)

========================================================================
Received Prepare
Registering precompiled user dll's ...
Registered in 0.001612 seconds.
Begin MonoManager ReloadAssembly
Native extension for WindowsStandalone target not found
Refreshing native plugins compatible for Editor in 0.57 ms, found 0 plugins.
Preloading 0 native plugins for Editor in 0.00 ms.
Invoked RoslynAnalysisRunner static constructor.
RoslynAnalysisRunner will not be running.
RoslynAnalysisRunner has terminated.
Mono: successfully reloaded assembly
- Completed reload, in  1.313 seconds
Platform modules already initialized, skipping
Refreshing native plugins compatible for Editor in 0.76 ms, found 0 plugins.
Preloading 0 native plugins for Editor in 0.00 ms.
Unloading 1449 Unused Serialized files (Serialized files now loaded: 0)
System memory in use before: 77.8 MB.
System memory in use after: 76.7 MB.

Unloading 19 unused Assets to reduce memory usage. Loaded Objects now: 1987.
Total: 6.116700 ms (FindLiveObjects: 0.457500 ms CreateObjectMapping: 0.098500 ms MarkObjects: 3.474000 ms  DeleteObjects: 2.082500 ms)

========================================================================
Received Prepare
Registering precompiled user dll's ...
Registered in 0.001761 seconds.
Begin MonoManager ReloadAssembly
Native extension for WindowsStandalone target not found
Refreshing native plugins compatible for Editor in 0.62 ms, found 0 plugins.
Preloading 0 native plugins for Editor in 0.00 ms.
Invoked RoslynAnalysisRunner static constructor.
RoslynAnalysisRunner will not be running.
RoslynAnalysisRunner has terminated.
Mono: successfully reloaded assembly
- Completed reload, in  2.970 seconds
Platform modules already initialized, skipping
Refreshing native plugins compatible for Editor in 0.81 ms, found 0 plugins.
Preloading 0 native plugins for Editor in 0.00 ms.
Unloading 1449 Unused Serialized files (Serialized files now loaded: 0)
System memory in use before: 77.8 MB.
System memory in use after: 76.7 MB.

Unloading 19 unused Assets to reduce memory usage. Loaded Objects now: 1989.
Total: 10.632200 ms (FindLiveObjects: 1.032000 ms CreateObjectMapping: 0.088000 ms MarkObjects: 7.160200 ms  DeleteObjects: 2.348300 ms)

========================================================================
Received Prepare
Registering precompiled user dll's ...
Registered in 0.001272 seconds.
Begin MonoManager ReloadAssembly
Native extension for WindowsStandalone target not found
Refreshing native plugins compatible for Editor in 0.58 ms, found 0 plugins.
Preloading 0 native plugins for Editor in 0.00 ms.
Invoked RoslynAnalysisRunner static constructor.
RoslynAnalysisRunner will not be running.
RoslynAnalysisRunner has terminated.
Mono: successfully reloaded assembly
- Completed reload, in  1.310 seconds
Platform modules already initialized, skipping
Refreshing native plugins compatible for Editor in 0.78 ms, found 0 plugins.
Preloading 0 native plugins for Editor in 0.00 ms.
Unloading 1449 Unused Serialized files (Serialized files now loaded: 0)
System memory in use before: 77.8 MB.
System memory in use after: 76.7 MB.

Unloading 19 unused Assets to reduce memory usage. Loaded Objects now: 1991.
Total: 6.987800 ms (FindLiveObjects: 0.375800 ms CreateObjectMapping: 0.127100 ms MarkObjects: 3.884400 ms  DeleteObjects: 2.596500 ms)

========================================================================
Received Prepare
Registering precompiled user dll's ...
Registered in 0.001412 seconds.
Begin MonoManager ReloadAssembly
Native extension for WindowsStandalone target not found
Refreshing native plugins compatible for Editor in 0.57 ms, found 0 plugins.
Preloading 0 native plugins for Editor in 0.00 ms.
Invoked RoslynAnalysisRunner static constructor.
RoslynAnalysisRunner will not be running.
RoslynAnalysisRunner has terminated.
Mono: successfully reloaded assembly
- Completed reload, in  1.587 seconds
Platform modules already initialized, skipping
Refreshing native plugins compatible for Editor in 0.67 ms, found 0 plugins.
Preloading 0 native plugins for Editor in 0.00 ms.
Unloading 1449 Unused Serialized files (Serialized files now loaded: 0)
System memory in use before: 77.8 MB.
System memory in use after: 76.7 MB.

Unloading 19 unused Assets to reduce memory usage. Loaded Objects now: 1993.
Total: 4.938700 ms (FindLiveObjects: 0.291100 ms CreateObjectMapping: 0.084600 ms MarkObjects: 2.733800 ms  DeleteObjects: 1.826300 ms)

========================================================================
Received Prepare
Registering precompiled user dll's ...
Registered in 0.001411 seconds.
Begin MonoManager ReloadAssembly
Native extension for WindowsStandalone target not found
Refreshing native plugins compatible for Editor in 0.59 ms, found 0 plugins.
Preloading 0 native plugins for Editor in 0.00 ms.
Invoked RoslynAnalysisRunner static constructor.
RoslynAnalysisRunner will not be running.
RoslynAnalysisRunner has terminated.
Mono: successfully reloaded assembly
- Completed reload, in  1.358 seconds
Platform modules already initialized, skipping
Refreshing native plugins compatible for Editor in 0.64 ms, found 0 plugins.
Preloading 0 native plugins for Editor in 0.00 ms.
Unloading 1449 Unused Serialized files (Serialized files now loaded: 0)
System memory in use before: 77.9 MB.
System memory in use after: 76.7 MB.

Unloading 19 unused Assets to reduce memory usage. Loaded Objects now: 1995.
Total: 4.830500 ms (FindLiveObjects: 0.328500 ms CreateObjectMapping: 0.081900 ms MarkObjects: 2.375100 ms  DeleteObjects: 2.042000 ms)

========================================================================
Received Prepare
Registering precompiled user dll's ...
Registered in 0.001778 seconds.
Begin MonoManager ReloadAssembly
Native extension for WindowsStandalone target not found
Refreshing native plugins compatible for Editor in 0.63 ms, found 0 plugins.
Preloading 0 native plugins for Editor in 0.00 ms.
Invoked RoslynAnalysisRunner static constructor.
RoslynAnalysisRunner will not be running.
RoslynAnalysisRunner has terminated.
Mono: successfully reloaded assembly
- Completed reload, in  1.447 seconds
Platform modules already initialized, skipping
Refreshing native plugins compatible for Editor in 0.63 ms, found 0 plugins.
Preloading 0 native plugins for Editor in 0.00 ms.
Unloading 1449 Unused Serialized files (Serialized files now loaded: 0)
System memory in use before: 77.9 MB.
System memory in use after: 76.7 MB.

Unloading 19 unused Assets to reduce memory usage. Loaded Objects now: 1997.
Total: 5.328600 ms (FindLiveObjects: 0.449100 ms CreateObjectMapping: 0.101900 ms MarkObjects: 2.969300 ms  DeleteObjects: 1.805300 ms)

========================================================================
Received Prepare
Registering precompiled user dll's ...
Registered in 0.001316 seconds.
Begin MonoManager ReloadAssembly
Native extension for WindowsStandalone target not found
Refreshing native plugins compatible for Editor in 0.61 ms, found 0 plugins.
Preloading 0 native plugins for Editor in 0.00 ms.
Invoked RoslynAnalysisRunner static constructor.
RoslynAnalysisRunner will not be running.
RoslynAnalysisRunner has terminated.
Mono: successfully reloaded assembly
- Completed reload, in  1.361 seconds
Platform modules already initialized, skipping
Refreshing native plugins compatible for Editor in 0.78 ms, found 0 plugins.
Preloading 0 native plugins for Editor in 0.00 ms.
Unloading 1449 Unused Serialized files (Serialized files now loaded: 0)
System memory in use before: 77.9 MB.
System memory in use after: 76.7 MB.

Unloading 19 unused Assets to reduce memory usage. Loaded Objects now: 1999.
Total: 5.437000 ms (FindLiveObjects: 0.318600 ms CreateObjectMapping: 0.082600 ms MarkObjects: 3.114500 ms  DeleteObjects: 1.916400 ms)

========================================================================
Received Prepare
Registering precompiled user dll's ...
Registered in 0.002088 seconds.
Begin MonoManager ReloadAssembly
Native extension for WindowsStandalone target not found
Refreshing native plugins compatible for Editor in 0.63 ms, found 0 plugins.
Preloading 0 native plugins for Editor in 0.00 ms.
Invoked RoslynAnalysisRunner static constructor.
RoslynAnalysisRunner will not be running.
RoslynAnalysisRunner has terminated.
Mono: successfully reloaded assembly
- Completed reload, in  2.684 seconds
Platform modules already initialized, skipping
Refreshing native plugins compatible for Editor in 1.33 ms, found 0 plugins.
Preloading 0 native plugins for Editor in 0.00 ms.
Unloading 1449 Unused Serialized files (Serialized files now loaded: 0)
System memory in use before: 77.9 MB.
System memory in use after: 76.7 MB.

Unloading 19 unused Assets to reduce memory usage. Loaded Objects now: 2001.
Total: 13.521300 ms (FindLiveObjects: 1.312800 ms CreateObjectMapping: 0.291500 ms MarkObjects: 9.248600 ms  DeleteObjects: 2.660300 ms)

========================================================================
Received Prepare
Registering precompiled user dll's ...
Registered in 0.002188 seconds.
Begin MonoManager ReloadAssembly
Native extension for WindowsStandalone target not found
Refreshing native plugins compatible for Editor in 0.63 ms, found 0 plugins.
Preloading 0 native plugins for Editor in 0.00 ms.
Invoked RoslynAnalysisRunner static constructor.
RoslynAnalysisRunner will not be running.
RoslynAnalysisRunner has terminated.
Mono: successfully reloaded assembly
- Completed reload, in  2.546 seconds
Platform modules already initialized, skipping
Refreshing native plugins compatible for Editor in 0.85 ms, found 0 plugins.
Preloading 0 native plugins for Editor in 0.00 ms.
Unloading 1449 Unused Serialized files (Serialized files now loaded: 0)
System memory in use before: 77.8 MB.
System memory in use after: 76.7 MB.

Unloading 19 unused Assets to reduce memory usage. Loaded Objects now: 2003.
Total: 10.606700 ms (FindLiveObjects: 0.315300 ms CreateObjectMapping: 0.082800 ms MarkObjects: 7.900700 ms  DeleteObjects: 2.301800 ms)

========================================================================
Received Prepare
Registering precompiled user dll's ...
Registered in 0.001277 seconds.
Begin MonoManager ReloadAssembly
Native extension for WindowsStandalone target not found
Refreshing native plugins compatible for Editor in 0.58 ms, found 0 plugins.
Preloading 0 native plugins for Editor in 0.00 ms.
Invoked RoslynAnalysisRunner static constructor.
RoslynAnalysisRunner will not be running.
RoslynAnalysisRunner has terminated.
Mono: successfully reloaded assembly
- Completed reload, in  1.388 seconds
Platform modules already initialized, skipping
Refreshing native plugins compatible for Editor in 0.78 ms, found 0 plugins.
Preloading 0 native plugins for Editor in 0.00 ms.
Unloading 1449 Unused Serialized files (Serialized files now loaded: 0)
System memory in use before: 77.8 MB.
System memory in use after: 76.7 MB.

Unloading 19 unused Assets to reduce memory usage. Loaded Objects now: 2005.
Total: 6.301400 ms (FindLiveObjects: 0.447200 ms CreateObjectMapping: 0.126800 ms MarkObjects: 3.277500 ms  DeleteObjects: 2.446800 ms)

========================================================================
Received Prepare
Registering precompiled user dll's ...
Registered in 0.003086 seconds.
Begin MonoManager ReloadAssembly
Native extension for WindowsStandalone target not found
Refreshing native plugins compatible for Editor in 0.69 ms, found 0 plugins.
Preloading 0 native plugins for Editor in 0.00 ms.
Invoked RoslynAnalysisRunner static constructor.
RoslynAnalysisRunner will not be running.
RoslynAnalysisRunner has terminated.
Mono: successfully reloaded assembly
- Completed reload, in  2.187 seconds
Platform modules already initialized, skipping
Refreshing native plugins compatible for Editor in 0.89 ms, found 0 plugins.
Preloading 0 native plugins for Editor in 0.00 ms.
Unloading 1449 Unused Serialized files (Serialized files now loaded: 0)
System memory in use before: 77.9 MB.
System memory in use after: 76.7 MB.

Unloading 19 unused Assets to reduce memory usage. Loaded Objects now: 2007.
Total: 7.651500 ms (FindLiveObjects: 0.355000 ms CreateObjectMapping: 0.102500 ms MarkObjects: 4.378500 ms  DeleteObjects: 2.812300 ms)

========================================================================
Received Prepare
Registering precompiled user dll's ...
Registered in 0.001592 seconds.
Begin MonoManager ReloadAssembly
Native extension for WindowsStandalone target not found
Refreshing native plugins compatible for Editor in 0.71 ms, found 0 plugins.
Preloading 0 native plugins for Editor in 0.00 ms.
Invoked RoslynAnalysisRunner static constructor.
RoslynAnalysisRunner will not be running.
RoslynAnalysisRunner has terminated.
Mono: successfully reloaded assembly
- Completed reload, in  3.084 seconds
Platform modules already initialized, skipping
Refreshing native plugins compatible for Editor in 0.70 ms, found 0 plugins.
Preloading 0 native plugins for Editor in 0.00 ms.
Unloading 1449 Unused Serialized files (Serialized files now loaded: 0)
System memory in use before: 77.9 MB.
System memory in use after: 76.7 MB.

Unloading 19 unused Assets to reduce memory usage. Loaded Objects now: 2009.
Total: 16.020000 ms (FindLiveObjects: 0.911100 ms CreateObjectMapping: 0.136900 ms MarkObjects: 11.530600 ms  DeleteObjects: 3.433000 ms)

========================================================================
Received Prepare
Registering precompiled user dll's ...
Registered in 0.001353 seconds.
Begin MonoManager ReloadAssembly
Native extension for WindowsStandalone target not found
Refreshing native plugins compatible for Editor in 1.10 ms, found 0 plugins.
Preloading 0 native plugins for Editor in 0.00 ms.
Invoked RoslynAnalysisRunner static constructor.
RoslynAnalysisRunner will not be running.
RoslynAnalysisRunner has terminated.
Mono: successfully reloaded assembly
- Completed reload, in  3.254 seconds
Platform modules already initialized, skipping
Refreshing native plugins compatible for Editor in 0.63 ms, found 0 plugins.
Preloading 0 native plugins for Editor in 0.00 ms.
Unloading 1449 Unused Serialized files (Serialized files now loaded: 0)
System memory in use before: 77.9 MB.
System memory in use after: 76.7 MB.

Unloading 19 unused Assets to reduce memory usage. Loaded Objects now: 2011.
Total: 8.257800 ms (FindLiveObjects: 0.369600 ms CreateObjectMapping: 0.103200 ms MarkObjects: 5.251400 ms  DeleteObjects: 2.526800 ms)

========================================================================
Received Prepare
Registering precompiled user dll's ...
Registered in 0.002105 seconds.
Begin MonoManager ReloadAssembly
Native extension for WindowsStandalone target not found
Refreshing native plugins compatible for Editor in 0.59 ms, found 0 plugins.
Preloading 0 native plugins for Editor in 0.00 ms.
Invoked RoslynAnalysisRunner static constructor.
RoslynAnalysisRunner will not be running.
RoslynAnalysisRunner has terminated.
Mono: successfully reloaded assembly
- Completed reload, in  2.517 seconds
Platform modules already initialized, skipping
Refreshing native plugins compatible for Editor in 0.59 ms, found 0 plugins.
Preloading 0 native plugins for Editor in 0.00 ms.
Unloading 1449 Unused Serialized files (Serialized files now loaded: 0)
System memory in use before: 77.9 MB.
System memory in use after: 76.7 MB.

Unloading 19 unused Assets to reduce memory usage. Loaded Objects now: 2013.
Total: 8.092400 ms (FindLiveObjects: 0.321500 ms CreateObjectMapping: 0.082800 ms MarkObjects: 5.289200 ms  DeleteObjects: 2.395100 ms)

========================================================================
Received Prepare
Registering precompiled user dll's ...
Registered in 0.001314 seconds.
Begin MonoManager ReloadAssembly
Native extension for WindowsStandalone target not found
Refreshing native plugins compatible for Editor in 0.57 ms, found 0 plugins.
Preloading 0 native plugins for Editor in 0.00 ms.
Invoked RoslynAnalysisRunner static constructor.
RoslynAnalysisRunner will not be running.
RoslynAnalysisRunner has terminated.
Mono: successfully reloaded assembly
- Completed reload, in  1.428 seconds
Platform modules already initialized, skipping
Refreshing native plugins compatible for Editor in 0.69 ms, found 0 plugins.
Preloading 0 native plugins for Editor in 0.00 ms.
Unloading 1449 Unused Serialized files (Serialized files now loaded: 0)
System memory in use before: 77.9 MB.
System memory in use after: 76.7 MB.

Unloading 19 unused Assets to reduce memory usage. Loaded Objects now: 2015.
Total: 11.862500 ms (FindLiveObjects: 0.536800 ms CreateObjectMapping: 0.132300 ms MarkObjects: 8.251600 ms  DeleteObjects: 2.935100 ms)

AssetImportWorkerClient::OnTransportError - code=2 error=End of file
